  hash.cpp
C:\Users\Kamel\source\repos\Lab3\hash.cpp(16,14): warning C4129: 'L': unrecognized character escape sequence
C:\Users\Kamel\source\repos\Lab3\hash.cpp(30,20): warning C4018: '<': signed/unsigned mismatch
C:\Users\Kamel\source\repos\Lab3\hash.cpp(45,21): warning C4018: '<': signed/unsigned mismatch
C:\Users\Kamel\source\repos\Lab3\hash.cpp(59,67): warning C4244: 'argument': conversion from '_Rep' to '_Ty', possible loss of data
C:\Users\Kamel\source\repos\Lab3\hash.cpp(59,67): warning C4244:         with
C:\Users\Kamel\source\repos\Lab3\hash.cpp(59,67): warning C4244:         [
C:\Users\Kamel\source\repos\Lab3\hash.cpp(59,67): warning C4244:             _Rep=double
C:\Users\Kamel\source\repos\Lab3\hash.cpp(59,67): warning C4244:         ]
C:\Users\Kamel\source\repos\Lab3\hash.cpp(59,67): warning C4244:         and
C:\Users\Kamel\source\repos\Lab3\hash.cpp(59,67): warning C4244:         [
C:\Users\Kamel\source\repos\Lab3\hash.cpp(59,67): warning C4244:             _Ty=float
C:\Users\Kamel\source\repos\Lab3\hash.cpp(59,67): warning C4244:         ]
C:\Users\Kamel\source\repos\Lab3\hash.cpp(66,21): warning C4018: '<': signed/unsigned mismatch
  Generating code
  3 of 290 functions ( 1.0%) were compiled, the rest were copied from previous compilation.
    0 functions were new in current compilation
    0 functions had inline decision re-evaluated but remain unchanged
  Finished generating code
  Lab3.vcxproj -> C:\Users\Kamel\source\repos\Lab3\Release\Lab3.exe
